<?xml version="1.0" encoding="UTF-8"?>
<coverage generated="1701880706088" clover="3.2.0">
  <project timestamp="1701880706088" name="All files">
    <metrics statements="13" coveredstatements="3" conditionals="7" coveredconditionals="2" methods="3" coveredmethods="2" elements="23" coveredelements="7" complexity="0" loc="13" ncloc="13" packages="1" files="1" classes="1"/>
    <file name="Character.js" path="/Users/r.gubin/Desktop/classes_inheritance/src/Character.js">
      <metrics statements="13" coveredstatements="3" conditionals="7" coveredconditionals="2" methods="3" coveredmethods="2"/>
      <line num="3" count="1" type="stmt"/>
      <line num="4" count="0" type="stmt"/>
      <line num="6" count="0" type="stmt"/>
      <line num="7" count="0" type="stmt"/>
      <line num="8" count="0" type="stmt"/>
      <line num="9" count="0" type="stmt"/>
      <line num="10" count="0" type="stmt"/>
      <line num="11" count="0" type="stmt"/>
      <line num="15" count="1" type="cond" truecount="2" falsecount="3"/>
      <line num="16" count="1" type="stmt"/>
      <line num="21" count="0" type="stmt"/>
      <line num="23" count="0" type="cond" truecount="0" falsecount="2"/>
      <line num="24" count="0" type="stmt"/>
    </file>
  </project>
</coverage>
