TN:
SF:src/Bowerman.js
FN:4,(anonymous_0)
FNF:1
FNH:1
FNDA:1,(anonymous_0)
DA:5,1
DA:6,1
DA:7,1
LF:3
LH:3
BRF:0
BRH:0
end_of_record
TN:
SF:src/Character.js
FN:2,(anonymous_0)
FN:16,(anonymous_1)
FN:22,(anonymous_2)
FN:30,(anonymous_3)
FN:41,(anonymous_4)
FNF:5
FNH:5
FNDA:14,(anonymous_0)
FNDA:14,(anonymous_1)
FNDA:13,(anonymous_2)
FNDA:3,(anonymous_3)
FNDA:2,(anonymous_4)
DA:3,14
DA:4,13
DA:6,12
DA:7,12
DA:9,12
DA:10,12
DA:12,12
DA:13,12
DA:17,14
DA:18,1
DA:23,13
DA:25,13
DA:26,1
DA:31,3
DA:32,1
DA:35,2
DA:36,2
DA:37,2
DA:38,2
DA:42,2
DA:43,2
DA:44,2
LF:22
LH:22
BRDA:17,0,0,1
BRDA:17,0,1,13
BRDA:17,1,0,14
BRDA:17,1,1,14
BRDA:17,1,2,13
BRDA:25,2,0,1
BRDA:25,2,1,12
BRDA:31,3,0,1
BRDA:31,3,1,2
BRDA:42,4,0,2
BRDA:42,4,1,0
BRF:11
BRH:10
end_of_record
TN:
SF:src/Daemon.js
FN:4,(anonymous_0)
FNF:1
FNH:1
FNDA:1,(anonymous_0)
DA:5,1
DA:6,1
DA:7,1
LF:3
LH:3
BRF:0
BRH:0
end_of_record
TN:
SF:src/Magician.js
FN:4,(anonymous_0)
FNF:1
FNH:1
FNDA:1,(anonymous_0)
DA:5,1
DA:6,1
DA:7,1
LF:3
LH:3
BRF:0
BRH:0
end_of_record
TN:
SF:src/Swordsman.js
FN:4,(anonymous_0)
FNF:1
FNH:1
FNDA:1,(anonymous_0)
DA:5,1
DA:6,1
DA:7,1
LF:3
LH:3
BRF:0
BRH:0
end_of_record
TN:
SF:src/Undead.js
FN:4,(anonymous_0)
FNF:1
FNH:1
FNDA:1,(anonymous_0)
DA:5,1
DA:6,1
DA:7,1
LF:3
LH:3
BRF:0
BRH:0
end_of_record
TN:
SF:src/Zombie.js
FN:4,(anonymous_0)
FNF:1
FNH:1
FNDA:1,(anonymous_0)
DA:5,1
DA:6,1
DA:7,1
LF:3
LH:3
BRF:0
BRH:0
end_of_record
